<?xml version="1.0" encoding="UTF-8"?>
<!-- Generated by org.testng.reporters.JUnitReportReporter -->
<testsuite skipped="0" hostname="MHK-LENOVO1772" name="com.postman.test.selenium.SeleniumTest" tests="4" failures="0" timestamp="2021-01-18T19:58:07 CST" time="46.555" errors="0">
  <testcase name="testReturnWorkspaceList" time="11.457" classname="com.postman.test.selenium.SeleniumTest"/>
  <testcase name="testUpdateWorkspace" time="12.163" classname="com.postman.test.selenium.SeleniumTest"/>
  <testcase name="testDeleteWorkspace" time="8.392" classname="com.postman.test.selenium.SeleniumTest"/>
  <testcase name="testCreateNewPersonalWorkspace" time="14.543" classname="com.postman.test.selenium.SeleniumTest"/>
</testsuite> <!-- com.postman.test.selenium.SeleniumTest -->
