<?xml version="1.0" encoding="UTF-8"?>
<!-- Generated by org.testng.reporters.JUnitReportReporter -->
<testsuite hostname="Trents-MacBook-Pro-2.local" failures="0" tests="4" name="com.postman.test.selenium.SeleniumTest" time="40.522" errors="0" timestamp="2021-01-24T14:31:51 AST" skipped="0">
  <testcase classname="com.postman.test.selenium.SeleniumTest" name="testCreateNewPersonalWorkspace" time="8.505"/>
  <testcase classname="com.postman.test.selenium.SeleniumTest" name="testReturnWorkspaceList" time="12.292"/>
  <testcase classname="com.postman.test.selenium.SeleniumTest" name="testUpdateWorkspace" time="10.319"/>
  <testcase classname="com.postman.test.selenium.SeleniumTest" name="testDeleteWorkspace" time="9.406"/>
</testsuite> <!-- com.postman.test.selenium.SeleniumTest -->
